success!
timestamp: 2015-03-30T21:57:01.913000
CREATE TABLE tests(
    id INTEGER PRIMARY KEY AUTOINCREMENT,
    creator CHAR(512),
    name CHAR(512),
    test_data BLOB
);
success!
timestamp: 2015-03-30T21:57:20.148000
CREATE TABLE tests(
    id INTEGER PRIMARY KEY AUTOINCREMENT,
    creator CHAR(512),
    name CHAR(512),
    test_data BLOB
);
success!
timestamp: 2015-03-30T21:58:03.670000
CREATE TABLE tests(
    id INTEGER PRIMARY KEY AUTOINCREMENT,
    creator CHAR(512),
    name CHAR(512),
    test_data BLOB
);
success!
timestamp: 2015-03-30T21:58:03.761000
CREATE TABLE test_submissions(
    id INTEGER PRIMARY KEY AUTOINCREMENT,
    test_taker CHAR(512),
    class_id CHAR(512),
    test_id CHAR(512),
    answers TEXT,
    grade DOUBLE
);
success!
success!
success!
success!
success!
success!
success!
success!
success!
success!
success!
success!
success!
success!
success!
success!
success!
success!
success!
success!
success!
success!
success!
success!
success!
success!
success!
success!
success!
success!
success!
success!
DROP TABLE classes;
success!
success!
timestamp: 2015-03-30T22:39:03.319000
CREATE TABLE classes(
    id INTEGER PRIMARY KEY AUTOINCREMENT,
    c_id INTEGER,
    name CHAR(512),
    info CHAR(512),
    start_date DATE,
    end_date DATE,
    teachers TEXT,
    students TEXT,
    test_ids TEXT,
    test_names TEXT,
    class_avg DOUBLE,
    grades BLOB
);
success!
success!
success!
success!
success!
success!
success!
success!
success!
success!
success!
success!
success!
success!
success!
success!
success!
success!
success!
success!
success!
success!
success!
success!
success!
success!
success!
success!
success!
success!
success!
success!
success!
success!
success!
success!
success!
success!
success!
success!
success!
success!
success!
success!
success!
success!
success!
success!
success!
success!
success!
success!
success!
success!
success!
success!
success!
success!
success!
success!
success!
success!
success!
success!
success!
success!
success!
success!
success!
success!
success!
success!
success!
success!
success!
success!
success!
success!
success!
success!
success!
success!
success!
success!
success!
success!
success!
success!
success!
success!
success!
success!
success!
success!
success!
success!
success!
success!
success!
success!
success!
success!
success!
success!
success!
success!
success!
success!
success!
success!
success!
success!
success!
success!
success!
success!
DROP TABLE classes;
success!
success!
timestamp: 2015-03-30T23:30:42.235000
CREATE TABLE classes(
    id INTEGER PRIMARY KEY AUTOINCREMENT,
    c_id INTEGER,
    name CHAR(512),
    info CHAR(512),
    start_date DATE,
    end_date DATE,
    teachers TEXT,
    students TEXT,
    test_ids TEXT,
    test_names TEXT,
    class_avg DOUBLE,
    grades BLOB
);
success!
success!
success!
success!
success!
success!
success!
success!
success!
success!
success!
success!
success!
success!
success!
success!
success!
success!
success!
success!
success!
success!
success!
success!
success!
success!
success!
success!
success!
success!
success!
success!
success!
success!
success!
success!
success!
success!
success!
success!
success!
success!
success!
success!
success!
success!
success!
success!
success!
success!
success!
success!
success!
success!
success!
success!
success!
success!
success!
success!
success!
success!
success!
success!
success!
success!
success!
success!
success!
success!
success!
success!
